2020-12-03T01:07:48+00:00 CRITICAL Uncaught Error: Class 'gt3pg_pro_plugin_updater' not found in /var/www/html/wp-content/plugins/gt3-photo-video-gallery-pro/plugin.php:431
Stack trace:
#0 /var/www/html/wp-includes/class-wp-hook.php(287): gt3_photo_video_galery_pro->cron_callback()
#1 /var/www/html/wp-includes/class-wp-hook.php(311): WP_Hook->apply_filters()
#2 /var/www/html/wp-includes/plugin.php(544): WP_Hook->do_action()
#3 /var/www/html/wp-cron.php(138): do_action_ref_array()
#4 {main}
  thrown in /var/www/html/wp-content/plugins/gt3-photo-video-gallery-pro/plugin.php on line 431

2020-12-03T02:59:04+00:00 CRITICAL Uncaught Error: Class 'gt3pg_pro_plugin_updater' not found in /var/www/html/wp-content/plugins/gt3-photo-video-gallery-pro/plugin.php:431
Stack trace:
#0 /var/www/html/wp-includes/class-wp-hook.php(287): gt3_photo_video_galery_pro->cron_callback()
#1 /var/www/html/wp-includes/class-wp-hook.php(311): WP_Hook->apply_filters()
#2 /var/www/html/wp-includes/plugin.php(544): WP_Hook->do_action()
#3 /var/www/html/wp-cron.php(138): do_action_ref_array()
#4 {main}
  thrown in /var/www/html/wp-content/plugins/gt3-photo-video-gallery-pro/plugin.php on line 431

2020-12-03T03:54:59+00:00 CRITICAL Uncaught Error: Class 'gt3pg_pro_plugin_updater' not found in /var/www/html/wp-content/plugins/gt3-photo-video-gallery-pro/plugin.php:431
Stack trace:
#0 /var/www/html/wp-includes/class-wp-hook.php(287): gt3_photo_video_galery_pro->cron_callback()
#1 /var/www/html/wp-includes/class-wp-hook.php(311): WP_Hook->apply_filters()
#2 /var/www/html/wp-includes/plugin.php(544): WP_Hook->do_action()
#3 /var/www/html/wp-cron.php(138): do_action_ref_array()
#4 {main}
  thrown in /var/www/html/wp-content/plugins/gt3-photo-video-gallery-pro/plugin.php on line 431

2020-12-03T05:25:55+00:00 CRITICAL Uncaught Error: Class 'gt3pg_pro_plugin_updater' not found in /var/www/html/wp-content/plugins/gt3-photo-video-gallery-pro/plugin.php:431
Stack trace:
#0 /var/www/html/wp-includes/class-wp-hook.php(287): gt3_photo_video_galery_pro->cron_callback()
#1 /var/www/html/wp-includes/class-wp-hook.php(311): WP_Hook->apply_filters()
#2 /var/www/html/wp-includes/plugin.php(544): WP_Hook->do_action()
#3 /var/www/html/wp-cron.php(138): do_action_ref_array()
#4 {main}
  thrown in /var/www/html/wp-content/plugins/gt3-photo-video-gallery-pro/plugin.php on line 431

2020-12-03T07:18:43+00:00 CRITICAL Uncaught Error: Class 'gt3pg_pro_plugin_updater' not found in /var/www/html/wp-content/plugins/gt3-photo-video-gallery-pro/plugin.php:431
Stack trace:
#0 /var/www/html/wp-includes/class-wp-hook.php(287): gt3_photo_video_galery_pro->cron_callback()
#1 /var/www/html/wp-includes/class-wp-hook.php(311): WP_Hook->apply_filters()
#2 /var/www/html/wp-includes/plugin.php(544): WP_Hook->do_action()
#3 /var/www/html/wp-cron.php(138): do_action_ref_array()
#4 {main}
  thrown in /var/www/html/wp-content/plugins/gt3-photo-video-gallery-pro/plugin.php on line 431

2020-12-03T09:50:57+00:00 CRITICAL Uncaught Error: Class 'gt3pg_pro_plugin_updater' not found in /var/www/html/wp-content/plugins/gt3-photo-video-gallery-pro/plugin.php:431
Stack trace:
#0 /var/www/html/wp-includes/class-wp-hook.php(287): gt3_photo_video_galery_pro->cron_callback()
#1 /var/www/html/wp-includes/class-wp-hook.php(311): WP_Hook->apply_filters()
#2 /var/www/html/wp-includes/plugin.php(544): WP_Hook->do_action()
#3 /var/www/html/wp-cron.php(138): do_action_ref_array()
#4 {main}
  thrown in /var/www/html/wp-content/plugins/gt3-photo-video-gallery-pro/plugin.php on line 431

2020-12-03T10:38:59+00:00 CRITICAL Uncaught Error: Class 'gt3pg_pro_plugin_updater' not found in /var/www/html/wp-content/plugins/gt3-photo-video-gallery-pro/plugin.php:431
Stack trace:
#0 /var/www/html/wp-includes/class-wp-hook.php(287): gt3_photo_video_galery_pro->cron_callback()
#1 /var/www/html/wp-includes/class-wp-hook.php(311): WP_Hook->apply_filters()
#2 /var/www/html/wp-includes/plugin.php(544): WP_Hook->do_action()
#3 /var/www/html/wp-cron.php(138): do_action_ref_array()
#4 {main}
  thrown in /var/www/html/wp-content/plugins/gt3-photo-video-gallery-pro/plugin.php on line 431

2020-12-03T11:39:22+00:00 CRITICAL Uncaught Error: Class 'gt3pg_pro_plugin_updater' not found in /var/www/html/wp-content/plugins/gt3-photo-video-gallery-pro/plugin.php:431
Stack trace:
#0 /var/www/html/wp-includes/class-wp-hook.php(287): gt3_photo_video_galery_pro->cron_callback()
#1 /var/www/html/wp-includes/class-wp-hook.php(311): WP_Hook->apply_filters()
#2 /var/www/html/wp-includes/plugin.php(544): WP_Hook->do_action()
#3 /var/www/html/wp-cron.php(138): do_action_ref_array()
#4 {main}
  thrown in /var/www/html/wp-content/plugins/gt3-photo-video-gallery-pro/plugin.php on line 431

2020-12-03T12:39:00+00:00 CRITICAL Uncaught Error: Class 'gt3pg_pro_plugin_updater' not found in /var/www/html/wp-content/plugins/gt3-photo-video-gallery-pro/plugin.php:431
Stack trace:
#0 /var/www/html/wp-includes/class-wp-hook.php(287): gt3_photo_video_galery_pro->cron_callback()
#1 /var/www/html/wp-includes/class-wp-hook.php(311): WP_Hook->apply_filters()
#2 /var/www/html/wp-includes/plugin.php(544): WP_Hook->do_action()
#3 /var/www/html/wp-cron.php(138): do_action_ref_array()
#4 {main}
  thrown in /var/www/html/wp-content/plugins/gt3-photo-video-gallery-pro/plugin.php on line 431

2020-12-03T14:25:13+00:00 CRITICAL Uncaught Error: Class 'gt3pg_pro_plugin_updater' not found in /var/www/html/wp-content/plugins/gt3-photo-video-gallery-pro/plugin.php:431
Stack trace:
#0 /var/www/html/wp-includes/class-wp-hook.php(287): gt3_photo_video_galery_pro->cron_callback()
#1 /var/www/html/wp-includes/class-wp-hook.php(311): WP_Hook->apply_filters()
#2 /var/www/html/wp-includes/plugin.php(544): WP_Hook->do_action()
#3 /var/www/html/wp-cron.php(138): do_action_ref_array()
#4 {main}
  thrown in /var/www/html/wp-content/plugins/gt3-photo-video-gallery-pro/plugin.php on line 431

2020-12-03T14:44:33+00:00 CRITICAL Uncaught Error: Class 'gt3pg_pro_plugin_updater' not found in /var/www/html/wp-content/plugins/gt3-photo-video-gallery-pro/plugin.php:431
Stack trace:
#0 /var/www/html/wp-includes/class-wp-hook.php(287): gt3_photo_video_galery_pro->cron_callback()
#1 /var/www/html/wp-includes/class-wp-hook.php(311): WP_Hook->apply_filters()
#2 /var/www/html/wp-includes/plugin.php(544): WP_Hook->do_action()
#3 /var/www/html/wp-cron.php(138): do_action_ref_array()
#4 {main}
  thrown in /var/www/html/wp-content/plugins/gt3-photo-video-gallery-pro/plugin.php on line 431

2020-12-03T17:18:53+00:00 CRITICAL Uncaught Error: Class 'gt3pg_pro_plugin_updater' not found in /var/www/html/wp-content/plugins/gt3-photo-video-gallery-pro/plugin.php:431
Stack trace:
#0 /var/www/html/wp-includes/class-wp-hook.php(287): gt3_photo_video_galery_pro->cron_callback()
#1 /var/www/html/wp-includes/class-wp-hook.php(311): WP_Hook->apply_filters()
#2 /var/www/html/wp-includes/plugin.php(544): WP_Hook->do_action()
#3 /var/www/html/wp-cron.php(138): do_action_ref_array()
#4 {main}
  thrown in /var/www/html/wp-content/plugins/gt3-photo-video-gallery-pro/plugin.php on line 431

2020-12-03T19:10:05+00:00 CRITICAL Uncaught Error: Class 'gt3pg_pro_plugin_updater' not found in /var/www/html/wp-content/plugins/gt3-photo-video-gallery-pro/plugin.php:431
Stack trace:
#0 /var/www/html/wp-includes/class-wp-hook.php(287): gt3_photo_video_galery_pro->cron_callback()
#1 /var/www/html/wp-includes/class-wp-hook.php(311): WP_Hook->apply_filters()
#2 /var/www/html/wp-includes/plugin.php(544): WP_Hook->do_action()
#3 /var/www/html/wp-cron.php(138): do_action_ref_array()
#4 {main}
  thrown in /var/www/html/wp-content/plugins/gt3-photo-video-gallery-pro/plugin.php on line 431

