2020-12-02T09:38:43+00:00 CRITICAL Uncaught Error: Class 'gt3pg_pro_plugin_updater' not found in /var/www/html/wp-content/plugins/gt3-photo-video-gallery-pro/plugin.php:431
Stack trace:
#0 /var/www/html/wp-includes/class-wp-hook.php(287): gt3_photo_video_galery_pro->cron_callback()
#1 /var/www/html/wp-includes/class-wp-hook.php(311): WP_Hook->apply_filters()
#2 /var/www/html/wp-includes/plugin.php(544): WP_Hook->do_action()
#3 /var/www/html/wp-cron.php(138): do_action_ref_array()
#4 {main}
  thrown in /var/www/html/wp-content/plugins/gt3-photo-video-gallery-pro/plugin.php on line 431

2020-12-02T10:38:43+00:00 CRITICAL Uncaught Error: Class 'gt3pg_pro_plugin_updater' not found in /var/www/html/wp-content/plugins/gt3-photo-video-gallery-pro/plugin.php:431
Stack trace:
#0 /var/www/html/wp-includes/class-wp-hook.php(287): gt3_photo_video_galery_pro->cron_callback()
#1 /var/www/html/wp-includes/class-wp-hook.php(311): WP_Hook->apply_filters()
#2 /var/www/html/wp-includes/plugin.php(544): WP_Hook->do_action()
#3 /var/www/html/wp-cron.php(138): do_action_ref_array()
#4 {main}
  thrown in /var/www/html/wp-content/plugins/gt3-photo-video-gallery-pro/plugin.php on line 431

2020-12-02T11:39:14+00:00 CRITICAL Uncaught Error: Class 'gt3pg_pro_plugin_updater' not found in /var/www/html/wp-content/plugins/gt3-photo-video-gallery-pro/plugin.php:431
Stack trace:
#0 /var/www/html/wp-includes/class-wp-hook.php(287): gt3_photo_video_galery_pro->cron_callback()
#1 /var/www/html/wp-includes/class-wp-hook.php(311): WP_Hook->apply_filters()
#2 /var/www/html/wp-includes/plugin.php(544): WP_Hook->do_action()
#3 /var/www/html/wp-cron.php(138): do_action_ref_array()
#4 {main}
  thrown in /var/www/html/wp-content/plugins/gt3-photo-video-gallery-pro/plugin.php on line 431

2020-12-02T12:38:42+00:00 CRITICAL Uncaught Error: Class 'gt3pg_pro_plugin_updater' not found in /var/www/html/wp-content/plugins/gt3-photo-video-gallery-pro/plugin.php:431
Stack trace:
#0 /var/www/html/wp-includes/class-wp-hook.php(287): gt3_photo_video_galery_pro->cron_callback()
#1 /var/www/html/wp-includes/class-wp-hook.php(311): WP_Hook->apply_filters()
#2 /var/www/html/wp-includes/plugin.php(544): WP_Hook->do_action()
#3 /var/www/html/wp-cron.php(138): do_action_ref_array()
#4 {main}
  thrown in /var/www/html/wp-content/plugins/gt3-photo-video-gallery-pro/plugin.php on line 431

2020-12-02T14:36:32+00:00 CRITICAL Uncaught Error: Class 'gt3pg_pro_plugin_updater' not found in /var/www/html/wp-content/plugins/gt3-photo-video-gallery-pro/plugin.php:431
Stack trace:
#0 /var/www/html/wp-includes/class-wp-hook.php(287): gt3_photo_video_galery_pro->cron_callback()
#1 /var/www/html/wp-includes/class-wp-hook.php(311): WP_Hook->apply_filters()
#2 /var/www/html/wp-includes/plugin.php(544): WP_Hook->do_action()
#3 /var/www/html/wp-cron.php(138): do_action_ref_array()
#4 {main}
  thrown in /var/www/html/wp-content/plugins/gt3-photo-video-gallery-pro/plugin.php on line 431

2020-12-02T15:49:53+00:00 CRITICAL Uncaught Error: Class 'gt3pg_pro_plugin_updater' not found in /var/www/html/wp-content/plugins/gt3-photo-video-gallery-pro/plugin.php:431
Stack trace:
#0 /var/www/html/wp-includes/class-wp-hook.php(287): gt3_photo_video_galery_pro->cron_callback()
#1 /var/www/html/wp-includes/class-wp-hook.php(311): WP_Hook->apply_filters()
#2 /var/www/html/wp-includes/plugin.php(544): WP_Hook->do_action()
#3 /var/www/html/wp-cron.php(138): do_action_ref_array()
#4 {main}
  thrown in /var/www/html/wp-content/plugins/gt3-photo-video-gallery-pro/plugin.php on line 431

2020-12-02T17:33:09+00:00 CRITICAL Uncaught Error: Class 'gt3pg_pro_plugin_updater' not found in /var/www/html/wp-content/plugins/gt3-photo-video-gallery-pro/plugin.php:431
Stack trace:
#0 /var/www/html/wp-includes/class-wp-hook.php(287): gt3_photo_video_galery_pro->cron_callback()
#1 /var/www/html/wp-includes/class-wp-hook.php(311): WP_Hook->apply_filters()
#2 /var/www/html/wp-includes/plugin.php(544): WP_Hook->do_action()
#3 /var/www/html/wp-cron.php(138): do_action_ref_array()
#4 {main}
  thrown in /var/www/html/wp-content/plugins/gt3-photo-video-gallery-pro/plugin.php on line 431

2020-12-02T17:45:01+00:00 CRITICAL Uncaught Error: Class 'gt3pg_pro_plugin_updater' not found in /var/www/html/wp-content/plugins/gt3-photo-video-gallery-pro/plugin.php:431
Stack trace:
#0 /var/www/html/wp-includes/class-wp-hook.php(287): gt3_photo_video_galery_pro->cron_callback()
#1 /var/www/html/wp-includes/class-wp-hook.php(311): WP_Hook->apply_filters()
#2 /var/www/html/wp-includes/plugin.php(544): WP_Hook->do_action()
#3 /var/www/html/wp-cron.php(138): do_action_ref_array()
#4 {main}
  thrown in /var/www/html/wp-content/plugins/gt3-photo-video-gallery-pro/plugin.php on line 431

2020-12-02T21:30:12+00:00 CRITICAL Uncaught Error: Class 'gt3pg_pro_plugin_updater' not found in /var/www/html/wp-content/plugins/gt3-photo-video-gallery-pro/plugin.php:431
Stack trace:
#0 /var/www/html/wp-includes/class-wp-hook.php(287): gt3_photo_video_galery_pro->cron_callback()
#1 /var/www/html/wp-includes/class-wp-hook.php(311): WP_Hook->apply_filters()
#2 /var/www/html/wp-includes/plugin.php(544): WP_Hook->do_action()
#3 /var/www/html/wp-cron.php(138): do_action_ref_array()
#4 {main}
  thrown in /var/www/html/wp-content/plugins/gt3-photo-video-gallery-pro/plugin.php on line 431

2020-12-02T22:53:30+00:00 CRITICAL Uncaught Error: Class 'gt3pg_pro_plugin_updater' not found in /var/www/html/wp-content/plugins/gt3-photo-video-gallery-pro/plugin.php:431
Stack trace:
#0 /var/www/html/wp-includes/class-wp-hook.php(287): gt3_photo_video_galery_pro->cron_callback()
#1 /var/www/html/wp-includes/class-wp-hook.php(311): WP_Hook->apply_filters()
#2 /var/www/html/wp-includes/plugin.php(544): WP_Hook->do_action()
#3 /var/www/html/wp-cron.php(138): do_action_ref_array()
#4 {main}
  thrown in /var/www/html/wp-content/plugins/gt3-photo-video-gallery-pro/plugin.php on line 431

