2020-12-04T01:08:54+00:00 CRITICAL Uncaught Error: Class 'gt3pg_pro_plugin_updater' not found in /var/www/html/wp-content/plugins/gt3-photo-video-gallery-pro/plugin.php:431
Stack trace:
#0 /var/www/html/wp-includes/class-wp-hook.php(287): gt3_photo_video_galery_pro->cron_callback()
#1 /var/www/html/wp-includes/class-wp-hook.php(311): WP_Hook->apply_filters()
#2 /var/www/html/wp-includes/plugin.php(544): WP_Hook->do_action()
#3 /var/www/html/wp-cron.php(138): do_action_ref_array()
#4 {main}
  thrown in /var/www/html/wp-content/plugins/gt3-photo-video-gallery-pro/plugin.php on line 431

2020-12-04T02:55:52+00:00 CRITICAL Uncaught Error: Class 'gt3pg_pro_plugin_updater' not found in /var/www/html/wp-content/plugins/gt3-photo-video-gallery-pro/plugin.php:431
Stack trace:
#0 /var/www/html/wp-includes/class-wp-hook.php(287): gt3_photo_video_galery_pro->cron_callback()
#1 /var/www/html/wp-includes/class-wp-hook.php(311): WP_Hook->apply_filters()
#2 /var/www/html/wp-includes/plugin.php(544): WP_Hook->do_action()
#3 /var/www/html/wp-cron.php(138): do_action_ref_array()
#4 {main}
  thrown in /var/www/html/wp-content/plugins/gt3-photo-video-gallery-pro/plugin.php on line 431

2020-12-04T03:48:24+00:00 CRITICAL Uncaught Error: Class 'gt3pg_pro_plugin_updater' not found in /var/www/html/wp-content/plugins/gt3-photo-video-gallery-pro/plugin.php:431
Stack trace:
#0 /var/www/html/wp-includes/class-wp-hook.php(287): gt3_photo_video_galery_pro->cron_callback()
#1 /var/www/html/wp-includes/class-wp-hook.php(311): WP_Hook->apply_filters()
#2 /var/www/html/wp-includes/plugin.php(544): WP_Hook->do_action()
#3 /var/www/html/wp-cron.php(138): do_action_ref_array()
#4 {main}
  thrown in /var/www/html/wp-content/plugins/gt3-photo-video-gallery-pro/plugin.php on line 431

2020-12-04T05:04:31+00:00 CRITICAL Uncaught Error: Class 'gt3pg_pro_plugin_updater' not found in /var/www/html/wp-content/plugins/gt3-photo-video-gallery-pro/plugin.php:431
Stack trace:
#0 /var/www/html/wp-includes/class-wp-hook.php(287): gt3_photo_video_galery_pro->cron_callback()
#1 /var/www/html/wp-includes/class-wp-hook.php(311): WP_Hook->apply_filters()
#2 /var/www/html/wp-includes/plugin.php(544): WP_Hook->do_action()
#3 /var/www/html/wp-cron.php(138): do_action_ref_array()
#4 {main}
  thrown in /var/www/html/wp-content/plugins/gt3-photo-video-gallery-pro/plugin.php on line 431

2020-12-04T06:52:18+00:00 CRITICAL Uncaught Error: Class 'gt3pg_pro_plugin_updater' not found in /var/www/html/wp-content/plugins/gt3-photo-video-gallery-pro/plugin.php:431
Stack trace:
#0 /var/www/html/wp-includes/class-wp-hook.php(287): gt3_photo_video_galery_pro->cron_callback()
#1 /var/www/html/wp-includes/class-wp-hook.php(311): WP_Hook->apply_filters()
#2 /var/www/html/wp-includes/plugin.php(544): WP_Hook->do_action()
#3 /var/www/html/wp-cron.php(138): do_action_ref_array()
#4 {main}
  thrown in /var/www/html/wp-content/plugins/gt3-photo-video-gallery-pro/plugin.php on line 431

2020-12-04T07:47:33+00:00 CRITICAL Uncaught Error: Class 'gt3pg_pro_plugin_updater' not found in /var/www/html/wp-content/plugins/gt3-photo-video-gallery-pro/plugin.php:431
Stack trace:
#0 /var/www/html/wp-includes/class-wp-hook.php(287): gt3_photo_video_galery_pro->cron_callback()
#1 /var/www/html/wp-includes/class-wp-hook.php(311): WP_Hook->apply_filters()
#2 /var/www/html/wp-includes/plugin.php(544): WP_Hook->do_action()
#3 /var/www/html/wp-cron.php(138): do_action_ref_array()
#4 {main}
  thrown in /var/www/html/wp-content/plugins/gt3-photo-video-gallery-pro/plugin.php on line 431

2020-12-04T09:47:58+00:00 CRITICAL Uncaught Error: Class 'gt3pg_pro_plugin_updater' not found in /var/www/html/wp-content/plugins/gt3-photo-video-gallery-pro/plugin.php:431
Stack trace:
#0 /var/www/html/wp-includes/class-wp-hook.php(287): gt3_photo_video_galery_pro->cron_callback()
#1 /var/www/html/wp-includes/class-wp-hook.php(311): WP_Hook->apply_filters()
#2 /var/www/html/wp-includes/plugin.php(544): WP_Hook->do_action()
#3 /var/www/html/wp-cron.php(138): do_action_ref_array()
#4 {main}
  thrown in /var/www/html/wp-content/plugins/gt3-photo-video-gallery-pro/plugin.php on line 431

2020-12-04T10:38:44+00:00 CRITICAL Uncaught Error: Class 'gt3pg_pro_plugin_updater' not found in /var/www/html/wp-content/plugins/gt3-photo-video-gallery-pro/plugin.php:431
Stack trace:
#0 /var/www/html/wp-includes/class-wp-hook.php(287): gt3_photo_video_galery_pro->cron_callback()
#1 /var/www/html/wp-includes/class-wp-hook.php(311): WP_Hook->apply_filters()
#2 /var/www/html/wp-includes/plugin.php(544): WP_Hook->do_action()
#3 /var/www/html/wp-cron.php(138): do_action_ref_array()
#4 {main}
  thrown in /var/www/html/wp-content/plugins/gt3-photo-video-gallery-pro/plugin.php on line 431

2020-12-04T12:15:18+00:00 CRITICAL Uncaught Error: Class 'gt3pg_pro_plugin_updater' not found in /var/www/html/wp-content/plugins/gt3-photo-video-gallery-pro/plugin.php:431
Stack trace:
#0 /var/www/html/wp-includes/class-wp-hook.php(287): gt3_photo_video_galery_pro->cron_callback()
#1 /var/www/html/wp-includes/class-wp-hook.php(311): WP_Hook->apply_filters()
#2 /var/www/html/wp-includes/plugin.php(544): WP_Hook->do_action()
#3 /var/www/html/wp-cron.php(138): do_action_ref_array()
#4 {main}
  thrown in /var/www/html/wp-content/plugins/gt3-photo-video-gallery-pro/plugin.php on line 431

2020-12-04T12:40:34+00:00 CRITICAL Uncaught Error: Class 'gt3pg_pro_plugin_updater' not found in /var/www/html/wp-content/plugins/gt3-photo-video-gallery-pro/plugin.php:431
Stack trace:
#0 /var/www/html/wp-includes/class-wp-hook.php(287): gt3_photo_video_galery_pro->cron_callback()
#1 /var/www/html/wp-includes/class-wp-hook.php(311): WP_Hook->apply_filters()
#2 /var/www/html/wp-includes/plugin.php(544): WP_Hook->do_action()
#3 /var/www/html/wp-cron.php(138): do_action_ref_array()
#4 {main}
  thrown in /var/www/html/wp-content/plugins/gt3-photo-video-gallery-pro/plugin.php on line 431

2020-12-04T15:03:47+00:00 CRITICAL Uncaught Error: Class 'gt3pg_pro_plugin_updater' not found in /var/www/html/wp-content/plugins/gt3-photo-video-gallery-pro/plugin.php:431
Stack trace:
#0 /var/www/html/wp-includes/class-wp-hook.php(287): gt3_photo_video_galery_pro->cron_callback()
#1 /var/www/html/wp-includes/class-wp-hook.php(311): WP_Hook->apply_filters()
#2 /var/www/html/wp-includes/plugin.php(544): WP_Hook->do_action()
#3 /var/www/html/wp-cron.php(138): do_action_ref_array()
#4 {main}
  thrown in /var/www/html/wp-content/plugins/gt3-photo-video-gallery-pro/plugin.php on line 431

2020-12-04T16:58:18+00:00 CRITICAL Uncaught Error: Class 'gt3pg_pro_plugin_updater' not found in /var/www/html/wp-content/plugins/gt3-photo-video-gallery-pro/plugin.php:431
Stack trace:
#0 /var/www/html/wp-includes/class-wp-hook.php(287): gt3_photo_video_galery_pro->cron_callback()
#1 /var/www/html/wp-includes/class-wp-hook.php(311): WP_Hook->apply_filters()
#2 /var/www/html/wp-includes/plugin.php(544): WP_Hook->do_action()
#3 /var/www/html/wp-cron.php(138): do_action_ref_array()
#4 {main}
  thrown in /var/www/html/wp-content/plugins/gt3-photo-video-gallery-pro/plugin.php on line 431

2020-12-04T21:53:39+00:00 CRITICAL Uncaught Error: Class 'gt3pg_pro_plugin_updater' not found in /var/www/html/wp-content/plugins/gt3-photo-video-gallery-pro/plugin.php:431
Stack trace:
#0 /var/www/html/wp-includes/class-wp-hook.php(287): gt3_photo_video_galery_pro->cron_callback()
#1 /var/www/html/wp-includes/class-wp-hook.php(311): WP_Hook->apply_filters()
#2 /var/www/html/wp-includes/plugin.php(544): WP_Hook->do_action()
#3 /var/www/html/wp-cron.php(138): do_action_ref_array()
#4 {main}
  thrown in /var/www/html/wp-content/plugins/gt3-photo-video-gallery-pro/plugin.php on line 431

